#
# There is insufficient memory for the Java Runtime Environment to continue.
# Native memory allocation (mmap) failed to map 58720256 bytes. Error detail: G1 virtual space
# Possible reasons:
#   The system is out of physical RAM or swap space
#   This process is running with CompressedOops enabled, and the Java Heap may be blocking the growth of the native heap
# Possible solutions:
#   Reduce memory load on the system
#   Increase physical memory or swap space
#   Check if swap backing store is full
#   Decrease Java heap size (-Xmx/-Xms)
#   Decrease number of Java threads
#   Decrease Java thread stack sizes (-Xss)
#   Set larger code cache with -XX:ReservedCodeCacheSize=
#   JVM is running with Unscaled Compressed Oops mode in which the Java heap is
#     placed in the first 4GB address space. The Java Heap base address is the
#     maximum limit for the native heap growth. Please use -XX:HeapBaseMinAddress
#     to set the Java Heap base and to place the Java Heap above 4GB virtual address.
# This output file may be truncated or incomplete.
#
#  Out of Memory Error (os_windows.cpp:3828), pid=14804, tid=38848
#
# JRE version:  (21.0.5+13) (build )
# Java VM: OpenJDK 64-Bit Server VM (21.0.5+13-b509.30, mixed mode, sharing, tiered, compressed oops, compressed class ptrs, g1 gc, windows-amd64)
# No core dump will be written. Minidumps are not enabled by default on client versions of Windows
#

---------------  S U M M A R Y ------------

Command Line: git4idea.http.GitAskPassApp Username for 'https://github.com': 

Host: AMD Ryzen 3 3250U with Radeon Graphics         , 4 cores, 3G,  Windows 11 , 64 bit Build 26100 (10.0.26100.3037)
Time: Fri Mar  7 15:23:48 2025 India Standard Time elapsed time: 0.074826 seconds (0d 0h 0m 0s)

---------------  T H R E A D  ---------------

Current thread (0x000001e097c898e0):  JavaThread "Unknown thread" [_thread_in_vm, id=38848, stack(0x00000061c2200000,0x00000061c2300000) (1024K)]

Stack: [0x00000061c2200000,0x00000061c2300000]
Native frames: (J=compiled Java code, j=interpreted, Vv=VM code, C=native code)
V  [jvm.dll+0x6e4ef9]
V  [jvm.dll+0x8c3263]
V  [jvm.dll+0x8c57be]
V  [jvm.dll+0x8c5ea3]
V  [jvm.dll+0x288c26]
V  [jvm.dll+0x6e1675]
V  [jvm.dll+0x6d5a7a]
V  [jvm.dll+0x36319b]
V  [jvm.dll+0x36ad66]
V  [jvm.dll+0x3bd026]
V  [jvm.dll+0x3bd2f8]
V  [jvm.dll+0x33590c]
V  [jvm.dll+0x3365fb]
V  [jvm.dll+0x88a6b9]
V  [jvm.dll+0x3ca1f8]
V  [jvm.dll+0x8737c8]
V  [jvm.dll+0x45eb1e]
V  [jvm.dll+0x460801]
C  [jli.dll+0x52ab]
C  [ucrtbase.dll+0x37b0]
C  [KERNEL32.DLL+0x2e8d7]
C  [ntdll.dll+0xbbf2c]


---------------  P R O C E S S  ---------------

Threads class SMR info:
_java_thread_list=0x00007ffb746ca148, length=0, elements={
}

Java Threads: ( => current thread )
Total: 0

Other Threads:
  0x000001e097cbc760 WorkerThread "GC Thread#0"                     [id=12000, stack(0x00000061c2300000,0x00000061c2400000) (1024K)]
  0x000001e097cc45c0 ConcurrentGCThread "G1 Main Marker"            [id=38580, stack(0x00000061c2400000,0x00000061c2500000) (1024K)]
  0x000001e097cc5f40 WorkerThread "G1 Conc#0"                       [id=25644, stack(0x00000061c2500000,0x00000061c2600000) (1024K)]

[error occurred during error reporting (printing all threads), id 0xc0000005, EXCEPTION_ACCESS_VIOLATION (0xc0000005) at pc=0x00007ffb73db89c7]
VM state: not at safepoint (not fully initialized)

VM Mutex/Monitor currently owned by a thread:  ([mutex/lock_event])
[0x00007ffb7473eac0] Heap_lock - owner thread: 0x000001e097c898e0

Heap address: 0x00000000c8c00000, size: 884 MB, Compressed Oops mode: 32-bit

CDS archive(s) mapped at: [0x0000000000000000-0x0000000000000000-0x0000000000000000), size 0, SharedBaseAddress: 0x0000000800000000, ArchiveRelocationMode: 1.
Narrow klass base: 0x0000000000000000, Narrow klass shift: 0, Narrow klass range: 0x0

GC Precious Log:
 CardTable entry size: 512
 Card Set container configuration: InlinePtr #cards 5 size 8 Array Of Cards #cards 12 size 40 Howl #buckets 4 coarsen threshold 1843 Howl Bitmap #cards 512 size 80 coarsen threshold 460 Card regions per heap region 1 cards per card region 2048

Heap:
 garbage-first heap   total 0K, used 0K [0x00000000c8c00000, 0x0000000100000000)
  region size 1024K, 0 young (0K), 0 survivors (0K)
 Metaspace       used 0K, committed 0K, reserved 0K
  class space    used 0K, committed 0K, reserved 0K

Heap Regions: E=young(eden), S=young(survivor), O=old, HS=humongous(starts), HC=humongous(continues), CS=collection set, F=free, TAMS=top-at-mark-start, PB=parsable bottom

Card table byte_map: [0x000001e0ab470000,0x000001e0ab630000] _byte_map_base: 0x000001e0aae2a000

Marking Bits: (CMBitMap*) 0x000001e097cbce60
 Bits: [0x000001e0ab630000, 0x000001e0ac400000)

GC Heap History (0 events):
No events

Dll operation events (1 events):
Event: 0.034 Loaded shared library C:\Program Files\JetBrains\IntelliJ IDEA Community Edition 2024.2.1\jbr\bin\java.dll

Deoptimization events (0 events):
No events

Classes loaded (0 events):
No events

Classes unloaded (0 events):
No events

Classes redefined (0 events):
No events

Internal exceptions (0 events):
No events

ZGC Phase Switch (0 events):
No events

VM Operations (0 events):
No events

Memory protections (0 events):
No events

Nmethod flushes (0 events):
No events

Events (0 events):
No events


Dynamic libraries:
0x00007ff6ea030000 - 0x00007ff6ea03a000 	C:\Program Files\JetBrains\IntelliJ IDEA Community Edition 2024.2.1\jbr\bin\java.exe
0x00007ffbec880000 - 0x00007ffbecae3000 	C:\WINDOWS\SYSTEM32\ntdll.dll
0x00007ffbeb1d0000 - 0x00007ffbeb297000 	C:\WINDOWS\System32\KERNEL32.DLL
0x00007ffbe9f30000 - 0x00007ffbea2f7000 	C:\WINDOWS\System32\KERNELBASE.dll
0x00007ffbe9cb0000 - 0x00007ffbe9dfc000 	C:\WINDOWS\System32\ucrtbase.dll
0x00007ffbd4ed0000 - 0x00007ffbd4ee8000 	C:\Program Files\JetBrains\IntelliJ IDEA Community Edition 2024.2.1\jbr\bin\jli.dll
0x00007ffbd73f0000 - 0x00007ffbd740b000 	C:\Program Files\JetBrains\IntelliJ IDEA Community Edition 2024.2.1\jbr\bin\VCRUNTIME140.dll
0x00007ffbeb370000 - 0x00007ffbeb539000 	C:\WINDOWS\System32\USER32.dll
0x00007ffbea540000 - 0x00007ffbea567000 	C:\WINDOWS\System32\win32u.dll
0x00007ffbec440000 - 0x00007ffbec46a000 	C:\WINDOWS\System32\GDI32.dll
0x00007ffbe9e00000 - 0x00007ffbe9f2b000 	C:\WINDOWS\System32\gdi32full.dll
0x00007ffbea610000 - 0x00007ffbea6b3000 	C:\WINDOWS\System32\msvcp_win.dll
0x00007ffbe8e00000 - 0x00007ffbe9090000 	C:\WINDOWS\WinSxS\amd64_microsoft.windows.common-controls_6595b64144ccf1df_6.0.26100.3037_none_3e09262ce333c378\COMCTL32.dll
0x00007ffbec790000 - 0x00007ffbec839000 	C:\WINDOWS\System32\msvcrt.dll
0x00007ffbebb60000 - 0x00007ffbebb8f000 	C:\WINDOWS\System32\IMM32.DLL
0x00007ffbdfae0000 - 0x00007ffbdfaec000 	C:\Program Files\JetBrains\IntelliJ IDEA Community Edition 2024.2.1\jbr\bin\vcruntime140_1.dll
0x00007ffb9e820000 - 0x00007ffb9e8ad000 	C:\Program Files\JetBrains\IntelliJ IDEA Community Edition 2024.2.1\jbr\bin\msvcp140.dll
0x00007ffb73a70000 - 0x00007ffb74830000 	C:\Program Files\JetBrains\IntelliJ IDEA Community Edition 2024.2.1\jbr\bin\server\jvm.dll
0x00007ffbeb110000 - 0x00007ffbeb1c4000 	C:\WINDOWS\System32\ADVAPI32.dll
0x00007ffbeb2c0000 - 0x00007ffbeb366000 	C:\WINDOWS\System32\sechost.dll
0x00007ffbec2a0000 - 0x00007ffbec3b6000 	C:\WINDOWS\System32\RPCRT4.dll
0x00007ffbec3c0000 - 0x00007ffbec434000 	C:\WINDOWS\System32\WS2_32.dll
0x00007ffbe9ab0000 - 0x00007ffbe9afe000 	C:\WINDOWS\SYSTEM32\POWRPROF.dll
0x00007ffbe2810000 - 0x00007ffbe2846000 	C:\WINDOWS\SYSTEM32\WINMM.dll
0x00007ffbe2850000 - 0x00007ffbe285b000 	C:\WINDOWS\SYSTEM32\VERSION.dll
0x00007ffbe9a90000 - 0x00007ffbe9aa4000 	C:\WINDOWS\SYSTEM32\UMPDC.dll
0x00007ffbe8120000 - 0x00007ffbe813a000 	C:\WINDOWS\SYSTEM32\kernel.appcore.dll
0x00007ffbd7390000 - 0x00007ffbd739a000 	C:\Program Files\JetBrains\IntelliJ IDEA Community Edition 2024.2.1\jbr\bin\jimage.dll
0x00007ffbe93e0000 - 0x00007ffbe9621000 	C:\WINDOWS\SYSTEM32\DBGHELP.DLL
0x00007ffbeb7c0000 - 0x00007ffbebb3e000 	C:\WINDOWS\System32\combase.dll
0x00007ffbec5a0000 - 0x00007ffbec676000 	C:\WINDOWS\System32\OLEAUT32.dll
0x00007ffbe92a0000 - 0x00007ffbe92d9000 	C:\WINDOWS\SYSTEM32\dbgcore.DLL
0x00007ffbea570000 - 0x00007ffbea609000 	C:\WINDOWS\System32\bcryptPrimitives.dll
0x00007ffbd7340000 - 0x00007ffbd735f000 	C:\Program Files\JetBrains\IntelliJ IDEA Community Edition 2024.2.1\jbr\bin\java.dll

dbghelp: loaded successfully - version: 4.0.5 - missing functions: none
symbol engine: initialized successfully - sym options: 0x614 - pdb path: .;C:\Program Files\JetBrains\IntelliJ IDEA Community Edition 2024.2.1\jbr\bin;C:\WINDOWS\SYSTEM32;C:\WINDOWS\WinSxS\amd64_microsoft.windows.common-controls_6595b64144ccf1df_6.0.26100.3037_none_3e09262ce333c378;C:\Program Files\JetBrains\IntelliJ IDEA Community Edition 2024.2.1\jbr\bin\server

VM Arguments:
java_command: git4idea.http.GitAskPassApp Username for 'https://github.com': 
java_class_path (initial): C:/Program Files/JetBrains/IntelliJ IDEA Community Edition 2024.2.1/plugins/vcs-git/lib/git4idea-rt.jar;C:/Program Files/JetBrains/IntelliJ IDEA Community Edition 2024.2.1/lib/externalProcess-rt.jar
Launcher Type: SUN_STANDARD

[Global flags]
     intx CICompilerCount                          = 3                                         {product} {ergonomic}
     uint ConcGCThreads                            = 1                                         {product} {ergonomic}
     uint G1ConcRefinementThreads                  = 4                                         {product} {ergonomic}
   size_t G1HeapRegionSize                         = 1048576                                   {product} {ergonomic}
    uintx GCDrainStackTargetSize                   = 64                                        {product} {ergonomic}
   size_t InitialHeapSize                          = 58720256                                  {product} {ergonomic}
   size_t MarkStackSize                            = 4194304                                   {product} {ergonomic}
   size_t MaxHeapSize                              = 926941184                                 {product} {ergonomic}
   size_t MinHeapDeltaBytes                        = 1048576                                   {product} {ergonomic}
   size_t MinHeapSize                              = 8388608                                   {product} {ergonomic}
    uintx NonNMethodCodeHeapSize                   = 5832780                                {pd product} {ergonomic}
    uintx NonProfiledCodeHeapSize                  = 122912730                              {pd product} {ergonomic}
    uintx ProfiledCodeHeapSize                     = 122912730                              {pd product} {ergonomic}
    uintx ReservedCodeCacheSize                    = 251658240                              {pd product} {ergonomic}
     bool SegmentedCodeCache                       = true                                      {product} {ergonomic}
   size_t SoftMaxHeapSize                          = 926941184                              {manageable} {ergonomic}
     bool UseCompressedOops                        = true                           {product lp64_product} {ergonomic}
     bool UseG1GC                                  = true                                      {product} {ergonomic}
     bool UseLargePagesIndividualAllocation        = false                                  {pd product} {ergonomic}

Logging:
Log output configuration:
 #0: stdout all=warning uptime,level,tags foldmultilines=false
 #1: stderr all=off uptime,level,tags foldmultilines=false

Environment Variables:
PATH=C:\Program Files\Git\mingw64\libexec\git-core;C:\Program Files\Git\mingw64\libexec\git-core;C:\Program Files\Git\mingw64\bin;C:\Program Files\Git\usr\bin;C:\Users\Ayush Kumar Rai\bin;C:\Program Files\Common Files\Oracle\Java\javapath;C:\WINDOWS\system32;C:\WINDOWS;C:\WINDOWS\System32\Wbem;C:\WINDOWS\System32\WindowsPowerShell\v1.0;C:\WINDOWS\System32\OpenSSH;C:\Program Files (x86)\Windows Live\Shared;C:\Program Files\dotnet;C:\Program Files\nodejs;C:\Program Files\Azure Data Studio\bin;C:\Program Files\MongoDB\mongosh-2.2.3-win32-x64\bin;C:\xampp\php;C:\ProgramData\ComposerSetup\bin;C:\Program Files\Git\cmd;C:\Program Files\PowerShell\7;C:\Users\Ayush Kumar Rai\AppData\Local\Programs\Python\Python313\Scripts;C:\Users\Ayush Kumar Rai\AppData\Local\Programs\Python\Python313;C:\Users\Ayush Kumar Rai\AppData\Local\Microsoft\WindowsApps;C:\Users\Ayush Kumar Rai\AppData\Local\Programs\Microsoft VS Code\bin;C:\Users\Ayush Kumar Rai\AppData\Roaming\npm;C:\Program Files\Azure Data Studio\bin;C:\Program Files\MongoDB\Server\7.0\bin;C:\Users\Ayush Kumar Rai\AppData\Roaming\Composer\vendor\bin;C:\Program Files\JetBrains\IntelliJ IDEA Community Edition 2024.2.1\bin
USERNAME=Ayush Kumar Rai
DISPLAY=:0.0
LC_ALL=en_US.UTF-8
TERM=xterm-256color
TMPDIR=C:\Users\AYUSHK~1\AppData\Local\Temp
OS=Windows_NT
PROCESSOR_IDENTIFIER=AMD64 Family 23 Model 24 Stepping 1, AuthenticAMD
TMP=C:\Users\AYUSHK~1\AppData\Local\Temp
TEMP=C:\Users\AYUSHK~1\AppData\Local\Temp




Periodic native trim disabled

JNI global refs:
JNI global refs: 0, weak refs: 0

JNI global refs memory usage: 0, weak refs: 0

Process memory usage:
Resident Set Size: 12220K (0% of 3616504K total physical memory with 494232K free physical memory)

OOME stack traces (most recent first):
Classloader memory used:

---------------  S Y S T E M  ---------------

OS:
 Windows 11 , 64 bit Build 26100 (10.0.26100.3037)
OS uptime: 8 days 1:23 hours
Hyper-V role detected

CPU: total 4 (initial active 4) (4 cores per cpu, 2 threads per core) family 23 model 24 stepping 1 microcode 0x8108109, cx8, cmov, fxsr, ht, mmx, 3dnowpref, sse, sse2, sse3, ssse3, sse4a, sse4.1, sse4.2, popcnt, lzcnt, tsc, tscinvbit, avx, avx2, aes, clmul, bmi1, bmi2, adx, sha, fma, vzeroupper, clflush, clflushopt, hv, rdtscp, f16c
Processor Information for all 4 processors :
  Max Mhz: 2600, Current Mhz: 1400, Mhz Limit: 2600

Memory: 4k page, system-wide physical 3531M (482M free)
TotalPageFile size 14283M (AvailPageFile size 44M)
current process WorkingSet (physical memory assigned to process): 11M, peak: 11M
current process commit charge ("private bytes"): 51M, peak: 107M

vm_info: OpenJDK 64-Bit Server VM (21.0.5+13-b509.30) for windows-amd64 JRE (21.0.5+13-b509.30), built on 2024-11-23 by "builduser" with MS VC++ 16.10 / 16.11 (VS2019)

END.
